[0m14:05:44.004335 [debug] [MainThread]: Sending event: {'category': 'dbt', 'action': 'invocation', 'label': 'start', 'context': [<snowplow_tracker.self_describing_json.SelfDescribingJson object at 0x7f53ee3b5fc0>, <snowplow_tracker.self_describing_json.SelfDescribingJson object at 0x7f53eddc86d0>, <snowplow_tracker.self_describing_json.SelfDescribingJson object at 0x7f53ed0a3a90>]}


============================== 14:05:44.009670 | 61688a58-722f-4b48-b3e8-da9b972802f3 ==============================
[0m14:05:44.009670 [info ] [MainThread]: Running with dbt=1.8.5
[0m14:05:44.010297 [debug] [MainThread]: running dbt with arguments {'printer_width': '80', 'indirect_selection': 'eager', 'log_cache_events': 'False', 'write_json': 'True', 'partial_parse': 'True', 'cache_selected_only': 'False', 'profiles_dir': '/home/ervinlawata/.dbt', 'version_check': 'True', 'warn_error': 'None', 'log_path': 'logs', 'fail_fast': 'False', 'debug': 'False', 'use_colors': 'True', 'use_experimental_parser': 'False', 'empty': 'None', 'quiet': 'False', 'no_print': 'None', 'log_format': 'default', 'static_parser': 'True', 'introspect': 'True', 'invocation_command': 'dbt init', 'target_path': 'None', 'warn_error_options': 'WarnErrorOptions(include=[], exclude=[])', 'send_anonymous_usage_stats': 'True'}
[0m14:05:44.033284 [warn ] [MainThread]: [ConfigFolderDirectory]: Unable to parse dict {'dir': PosixPath('/home/ervinlawata/.dbt')}
[0m14:05:44.033799 [info ] [MainThread]: Creating dbt configuration folder at 
[0m14:06:01.063523 [debug] [MainThread]: Starter project path: /home/ervinlawata/.local/lib/python3.10/site-packages/dbt/include/starter_project
[0m14:06:01.073802 [info ] [MainThread]: 
Your new dbt project "data_warehouse" was created!

For more information on how to configure the profiles.yml file,
please consult the dbt documentation here:

  https://docs.getdbt.com/docs/configure-your-profile

One more thing:

Need help? Don't hesitate to reach out to us via GitHub issues or on Slack:

  https://community.getdbt.com/

Happy modeling!

[0m14:06:01.075249 [info ] [MainThread]: Setting up your profile.
[0m14:07:24.247259 [info ] [MainThread]: Profile data_warehouse written to /home/ervinlawata/.dbt/profiles.yml using target's profile_template.yml and your supplied values. Run 'dbt debug' to validate the connection.
[0m14:07:24.252478 [debug] [MainThread]: Resource report: {"command_name": "init", "command_success": true, "command_wall_clock_time": 100.30727, "process_user_time": 1.240304, "process_kernel_time": 0.080544, "process_mem_max_rss": "89732", "process_in_blocks": "440", "process_out_blocks": "80"}
[0m14:07:24.254224 [debug] [MainThread]: Command `dbt init` succeeded at 14:07:24.253916 after 100.31 seconds
[0m14:07:24.255376 [debug] [MainThread]: Sending event: {'category': 'dbt', 'action': 'invocation', 'label': 'end', 'context': [<snowplow_tracker.self_describing_json.SelfDescribingJson object at 0x7f53ee3b5fc0>, <snowplow_tracker.self_describing_json.SelfDescribingJson object at 0x7f53ee7839a0>, <snowplow_tracker.self_describing_json.SelfDescribingJson object at 0x7f53eddc86d0>]}
[0m14:07:24.256577 [debug] [MainThread]: Flushing usage events
